40.0
79.0
79.0
25.0
11.0
81.0
79.0
81.0
81.0
8.0
13.0
81.0
81.0
13.0
25.0
40.0
13.0
81.0
79.0
79.0
25.0
81.0
79.0
25.0
0
25.0
79.0
13.0
13.0
81.0
11.0
79.0
8.0
79.0
79.0
13.0
79.0
40.0
25.0
79.0
79.0
79.0
13.0
13.0
13.0
81.0
25.0
5.0
79.0
81.0
81.0
13.0
25.0
0
25.0
5.0
40.0
11.0
13.0
25.0
81.0
79.0
13.0
25.0
79.0
25.0
12.0
25.0
79.0
25.0
11.0
79.0
13.0
11.0
81.0
0
81.0
79.0
25.0
13.0
25.0
81.0
79.0
81.0
13.0
13.0
81.0
81.0
79.0
25.0
79.0
81.0
13.0
25.0
11.0
25.0
25.0
81.0
0
13.0
40.0
13.0
11.0
81.0
25.0
81.0
2.0
40.0
13.0
40.0
13.0
12.0
13.0
11.0
40.0
11.0
0
13.0
25.0
79.0
25.0
13.0
79.0
25.0
13.0
25.0
79.0
13.0
79.0
13.0
40.0
25.0
25.0
25.0
79.0
11.0
81.0
40.0
25.0
11.0
